0 verbose cli C:\Program Files\nodejs\node.exe C:\Users\aorip\AppData\Roaming\npm\node_modules\npm\bin\npm-cli.js
1 info using npm@9.7.2
2 info using node@v18.17.1
3 timing npm:load:whichnode Completed in 2ms
4 timing config:load:defaults Completed in 2ms
5 timing config:load:file:C:\Users\aorip\AppData\Roaming\npm\node_modules\npm\npmrc Completed in 3ms
6 timing config:load:builtin Completed in 3ms
7 timing config:load:cli Completed in 2ms
8 timing config:load:env Completed in 0ms
9 timing config:load:file:C:\Users\aorip\OneDrive\Documents\Projects\saltek\toza-havo\DeviceMonnitorFront\.npmrc Completed in 0ms
10 timing config:load:project Completed in 1ms
11 timing config:load:file:C:\Users\aorip\.npmrc Completed in 0ms
12 timing config:load:user Completed in 0ms
13 timing config:load:file:C:\Users\aorip\AppData\Roaming\npm\etc\npmrc Completed in 0ms
14 timing config:load:global Completed in 0ms
15 timing config:load:setEnvs Completed in 0ms
16 timing config:load Completed in 9ms
17 timing npm:load:configload Completed in 9ms
18 timing config:load:flatten Completed in 2ms
19 timing npm:load:mkdirpcache Completed in 0ms
20 timing npm:load:mkdirplogs Completed in 0ms
21 verbose title npm
22 verbose argv "--cache" "clean" "--force"
23 timing npm:load:setTitle Completed in 1ms
24 timing npm:load:display Completed in 0ms
25 verbose logfile logs-max:10 dir:C:\Users\aorip\OneDrive\Documents\Projects\saltek\toza-havo\DeviceMonnitorFront\clean\_logs\2023-08-31T05_57_17_121Z-
26 verbose logfile C:\Users\aorip\OneDrive\Documents\Projects\saltek\toza-havo\DeviceMonnitorFront\clean\_logs\2023-08-31T05_57_17_121Z-debug-0.log
27 timing npm:load:logFile Completed in 14ms
28 timing npm:load:timers Completed in 0ms
29 timing npm:load:configScope Completed in 0ms
30 warn using --force Recommended protections disabled.
31 timing npm:load Completed in 63ms
32 verbose exit 1
33 timing npm Completed in 68ms
34 verbose code 1
